<?xml version="1.0" encoding="UTF-8"?>
<!-- Generated by org.testng.reporters.JUnitXMLReporter -->
<testsuite hostname="Juned" ignored="2" name="Default test" tests="1" failures="0" timestamp="02 Dec 2018 10:33:33 GMT" time="45.185" errors="0">
  <testcase name="clickcheakbox" time="0.36" classname="com.crm.testsc.ContactTest"/>
  <testcase name="verifycontact" time="0.0" classname="com.crm.testsc.ContactTest">
    <ignored/>
  </testcase> <!-- verifycontact -->
  <testcase name="NewContact" time="0.0" classname="com.crm.testsc.ContactTest">
    <ignored/>
  </testcase> <!-- NewContact -->
</testsuite> <!-- Default test -->
