<?xml version="1.0" encoding="UTF-8"?>
<!-- Generated by org.testng.reporters.JUnitXMLReporter -->
<testsuite hostname="Juned" ignored="3" name="Command line test" tests="8" failures="0" timestamp="30 Mar 2019 05:51:35 GMT" time="197.667" errors="0">
  <testcase name="verifycontact" time="0.052" classname="com.crm.testsc.ContactTest"/>
  <testcase name="gettxt" time="0.018" classname="com.crm.testsc.HomePageTest"/>
  <testcase name="clickcheakbox" time="0.125" classname="com.crm.testsc.ContactTest"/>
  <testcase name="getusernam" time="0.096" classname="com.crm.testsc.HomePageTest"/>
  <testcase name="clickoncontact" time="1.801" classname="com.crm.testsc.HomePageTest"/>
  <testcase name="testSignin" time="6.069" classname="com.crm.testsc.LoginTest"/>
  <testcase name="deels" time="1.687" classname="com.crm.testsc.HomePageTest"/>
  <testcase name="tassk" time="2.558" classname="com.crm.testsc.HomePageTest"/>
  <testcase name="NewContact" time="0.0" classname="com.crm.testsc.ContactTest">
    <ignored/>
  </testcase> <!-- NewContact -->
  <testcase name="testisdisplayed" time="0.0" classname="com.crm.testsc.LoginTest">
    <ignored/>
  </testcase> <!-- testisdisplayed -->
  <testcase name="tgettitle" time="0.0" classname="com.crm.testsc.LoginTest">
    <ignored/>
  </testcase> <!-- tgettitle -->
</testsuite> <!-- Command line test -->
